<?xml version="1.0" encoding="UTF-8"?>
<!-- Generated by org.testng.reporters.JUnitReportReporter -->
<testsuite hostname="LAPTOP-A4E622Q7" failures="0" tests="1" name="testAPI.GetUserTest" time="2.366" errors="0" timestamp="2021-08-08T23:54:52 IST" skipped="0">
  <testcase classname="testAPI.GetUserTest" name="test" time="2.366"/>
  <system-out/>
</testsuite> <!-- testAPI.GetUserTest -->
