<?xml version="1.0" encoding="UTF-8"?>
<!-- Generated by org.testng.reporters.JUnitReportReporter -->
<testsuite hostname="LAPTOP-A4E622Q7" failures="0" tests="1" name="testAPI.CreateAPI" time="3.135" errors="0" timestamp="2021-08-08T21:53:13 IST" skipped="0">
  <testcase classname="testAPI.CreateAPI" name="create" time="3.135"/>
  <system-out/>
</testsuite> <!-- testAPI.CreateAPI -->
