<?xml version="1.0" encoding="UTF-8"?>
<!-- Generated by org.testng.reporters.JUnitReportReporter -->
<testsuite hostname="LAPTOP-A4E622Q7" failures="0" tests="1" name="testAPI.apiTesting" time="2.357" errors="0" timestamp="2021-08-08T21:55:48 IST" skipped="0">
  <testcase classname="testAPI.apiTesting" name="test" time="2.357"/>
  <system-out/>
</testsuite> <!-- testAPI.apiTesting -->
